<<<<<<<<<< Hello >>>>>>>>>>
Timestamp: [20210319_222159]

<<<<<<<<<< Options >>>>>>>>>>
dataset:[
  train:[
    type: ChallengeDataset
    root: /public/rawvideo
    gt_folder: rgb/gt/
    lq_folder: Train/Train_yuv/
    gt_path: Challenge_train_gt.lmdb
    lq_path: Challenge_train_lq.lmdb
    meta_info_fp: meta_info.txt
    gt_size: 128
    use_flip: True
    use_rot: True
    random_reverse: False
    enlarge_ratio: 300
    num_worker_per_gpu: 4
    batch_size_per_gpu: 16
    ]
  val:[
    type: VideoTestChallengeDataset
    gt_path: test_gt/
    lq_path: test_lq/
    ]
  test:[
    type: VideoTestChallengeDataset
    gt_path: test_png/
    lq_path: test_png/
    ]
  ]
network:[
  radius: 1
  stdf:[
    in_nc: 3
    out_nc: 64
    nf: 32
    nb: 3
    base_ks: 3
    deform_ks: 3
    ]
  qenet:[
    in_nc: 64
    out_nc: 3
    nf: 48
    nb: 4
    base_ks: 3
    ]
  ]
train:[
  exp_name: Challange_R3_enlarge300x
  random_seed: 7
  pre-val: False
  num_iter: 3000000.0
  interval_print: 10.0
  interval_val: 5000.0
  pbar_len: 100
  reload: True
  checkpointfile: /home/shik9/Public/1/STDF-PyTorch-2 (copy)/exp/Challange_R3_enlarge300x/ckp_360000.pt
  optim:[
    type: Adam
    lr: 0.0001
    betas: [0.9, 0.999]
    eps: 1e-08
    ]
  scheduler:[
    is_on: False
    type: CosineAnnealingRestartLR
    periods: [50000.0, 50000.0, 50000.0, 50000.0, 50000.0, 50000.0]
    restart_weights: [1, 0.5, 0.5, 0.5, 0.5, 0.5]
    eta_min: 1e-07
    ]
  loss:[
    type: CharbonnierLoss
    eps: 1e-06
    ]
  criterion:[
    type: PSNR
    unit: dB
    ]
  rank: 0
  log_path: exp/Challange_R3_enlarge300x/log.log
  checkpoint_save_path_pre: exp/Challange_R3_enlarge300x/ckp_
  num_gpu: 2
  is_dist: True
  ]
test:[
  restore_iter: 300000.0
  pbar_len: 100
  restore_address: /home/shik9/Public/1/STDF-PyTorch-2 (copy)/out/
  criterion:[
    type: PSNR
    unit: dB
    ]
  ]
opt_path: option_R3_ChallengeDataset.yml


<<<<<<<<<< Dataloader >>>>>>>>>>
total iters: [3000000]
total epochs: [6]
iter per epoch: [567244]
start from iter: [360000]
start from epoch: [0]
iter: [360010]/3000000, epoch: [0]/5, lr: [1.000]x1e-4, loss: [0.0260]
iter: [360020]/3000000, epoch: [0]/5, lr: [1.000]x1e-4, loss: [0.0267]
iter: [360030]/3000000, epoch: [0]/5, lr: [1.000]x1e-4, loss: [0.0201]
iter: [360040]/3000000, epoch: [0]/5, lr: [1.000]x1e-4, loss: [0.0223]
iter: [360050]/3000000, epoch: [0]/5, lr: [1.000]x1e-4, loss: [0.0330]
iter: [360060]/3000000, epoch: [0]/5, lr: [1.000]x1e-4, loss: [0.0229]
iter: [360070]/3000000, epoch: [0]/5, lr: [1.000]x1e-4, loss: [0.0285]
iter: [360080]/3000000, epoch: [0]/5, lr: [1.000]x1e-4, loss: [0.0226]
iter: [360090]/3000000, epoch: [0]/5, lr: [1.000]x1e-4, loss: [0.0265]
iter: [360100]/3000000, epoch: [0]/5, lr: [1.000]x1e-4, loss: [0.0228]
iter: [360110]/3000000, epoch: [0]/5, lr: [1.000]x1e-4, loss: [0.0228]
iter: [360120]/3000000, epoch: [0]/5, lr: [1.000]x1e-4, loss: [0.0276]
iter: [360130]/3000000, epoch: [0]/5, lr: [1.000]x1e-4, loss: [0.0159]
iter: [360140]/3000000, epoch: [0]/5, lr: [1.000]x1e-4, loss: [0.0286]
iter: [360150]/3000000, epoch: [0]/5, lr: [1.000]x1e-4, loss: [0.0225]
iter: [360160]/3000000, epoch: [0]/5, lr: [1.000]x1e-4, loss: [0.0301]
iter: [360170]/3000000, epoch: [0]/5, lr: [1.000]x1e-4, loss: [0.0185]
iter: [360180]/3000000, epoch: [0]/5, lr: [1.000]x1e-4, loss: [0.0312]
iter: [360190]/3000000, epoch: [0]/5, lr: [1.000]x1e-4, loss: [0.0226]
iter: [360200]/3000000, epoch: [0]/5, lr: [1.000]x1e-4, loss: [0.0267]
iter: [360210]/3000000, epoch: [0]/5, lr: [1.000]x1e-4, loss: [0.0288]
iter: [360220]/3000000, epoch: [0]/5, lr: [1.000]x1e-4, loss: [0.0306]
iter: [360230]/3000000, epoch: [0]/5, lr: [1.000]x1e-4, loss: [0.0315]
iter: [360240]/3000000, epoch: [0]/5, lr: [1.000]x1e-4, loss: [0.0144]
iter: [360250]/3000000, epoch: [0]/5, lr: [1.000]x1e-4, loss: [0.0259]
iter: [360260]/3000000, epoch: [0]/5, lr: [1.000]x1e-4, loss: [0.0216]
iter: [360270]/3000000, epoch: [0]/5, lr: [1.000]x1e-4, loss: [0.0213]
iter: [360280]/3000000, epoch: [0]/5, lr: [1.000]x1e-4, loss: [0.0293]
iter: [360290]/3000000, epoch: [0]/5, lr: [1.000]x1e-4, loss: [0.0311]
iter: [360300]/3000000, epoch: [0]/5, lr: [1.000]x1e-4, loss: [0.0223]
iter: [360310]/3000000, epoch: [0]/5, lr: [1.000]x1e-4, loss: [0.0234]
iter: [360320]/3000000, epoch: [0]/5, lr: [1.000]x1e-4, loss: [0.0257]
iter: [360330]/3000000, epoch: [0]/5, lr: [1.000]x1e-4, loss: [0.0216]
iter: [360340]/3000000, epoch: [0]/5, lr: [1.000]x1e-4, loss: [0.0256]
iter: [360350]/3000000, epoch: [0]/5, lr: [1.000]x1e-4, loss: [0.0229]
iter: [360360]/3000000, epoch: [0]/5, lr: [1.000]x1e-4, loss: [0.0188]
iter: [360370]/3000000, epoch: [0]/5, lr: [1.000]x1e-4, loss: [0.0273]
iter: [360380]/3000000, epoch: [0]/5, lr: [1.000]x1e-4, loss: [0.0243]
iter: [360390]/3000000, epoch: [0]/5, lr: [1.000]x1e-4, loss: [0.0216]
iter: [360400]/3000000, epoch: [0]/5, lr: [1.000]x1e-4, loss: [0.0268]
iter: [360410]/3000000, epoch: [0]/5, lr: [1.000]x1e-4, loss: [0.0214]
iter: [360420]/3000000, epoch: [0]/5, lr: [1.000]x1e-4, loss: [0.0214]
iter: [360430]/3000000, epoch: [0]/5, lr: [1.000]x1e-4, loss: [0.0265]
iter: [360440]/3000000, epoch: [0]/5, lr: [1.000]x1e-4, loss: [0.0236]
iter: [360450]/3000000, epoch: [0]/5, lr: [1.000]x1e-4, loss: [0.0202]
iter: [360460]/3000000, epoch: [0]/5, lr: [1.000]x1e-4, loss: [0.0275]
iter: [360470]/3000000, epoch: [0]/5, lr: [1.000]x1e-4, loss: [0.0241]
iter: [360480]/3000000, epoch: [0]/5, lr: [1.000]x1e-4, loss: [0.0174]
iter: [360490]/3000000, epoch: [0]/5, lr: [1.000]x1e-4, loss: [0.0198]
iter: [360500]/3000000, epoch: [0]/5, lr: [1.000]x1e-4, loss: [0.0230]
iter: [360510]/3000000, epoch: [0]/5, lr: [1.000]x1e-4, loss: [0.0242]
iter: [360520]/3000000, epoch: [0]/5, lr: [1.000]x1e-4, loss: [0.0279]
iter: [360530]/3000000, epoch: [0]/5, lr: [1.000]x1e-4, loss: [0.0268]
iter: [360540]/3000000, epoch: [0]/5, lr: [1.000]x1e-4, loss: [0.0168]
iter: [360550]/3000000, epoch: [0]/5, lr: [1.000]x1e-4, loss: [0.0297]
iter: [360560]/3000000, epoch: [0]/5, lr: [1.000]x1e-4, loss: [0.0180]
iter: [360570]/3000000, epoch: [0]/5, lr: [1.000]x1e-4, loss: [0.0213]
iter: [360580]/3000000, epoch: [0]/5, lr: [1.000]x1e-4, loss: [0.0357]
iter: [360590]/3000000, epoch: [0]/5, lr: [1.000]x1e-4, loss: [0.0181]
iter: [360600]/3000000, epoch: [0]/5, lr: [1.000]x1e-4, loss: [0.0290]
iter: [360610]/3000000, epoch: [0]/5, lr: [1.000]x1e-4, loss: [0.0305]
iter: [360620]/3000000, epoch: [0]/5, lr: [1.000]x1e-4, loss: [0.0277]
iter: [360630]/3000000, epoch: [0]/5, lr: [1.000]x1e-4, loss: [0.0174]
iter: [360640]/3000000, epoch: [0]/5, lr: [1.000]x1e-4, loss: [0.0176]
iter: [360650]/3000000, epoch: [0]/5, lr: [1.000]x1e-4, loss: [0.0287]
iter: [360660]/3000000, epoch: [0]/5, lr: [1.000]x1e-4, loss: [0.0207]
iter: [360670]/3000000, epoch: [0]/5, lr: [1.000]x1e-4, loss: [0.0190]
iter: [360680]/3000000, epoch: [0]/5, lr: [1.000]x1e-4, loss: [0.0242]
iter: [360690]/3000000, epoch: [0]/5, lr: [1.000]x1e-4, loss: [0.0188]
iter: [360700]/3000000, epoch: [0]/5, lr: [1.000]x1e-4, loss: [0.0149]
iter: [360710]/3000000, epoch: [0]/5, lr: [1.000]x1e-4, loss: [0.0244]
iter: [360720]/3000000, epoch: [0]/5, lr: [1.000]x1e-4, loss: [0.0298]
iter: [360730]/3000000, epoch: [0]/5, lr: [1.000]x1e-4, loss: [0.0223]
iter: [360740]/3000000, epoch: [0]/5, lr: [1.000]x1e-4, loss: [0.0221]
iter: [360750]/3000000, epoch: [0]/5, lr: [1.000]x1e-4, loss: [0.0240]
iter: [360760]/3000000, epoch: [0]/5, lr: [1.000]x1e-4, loss: [0.0343]
iter: [360770]/3000000, epoch: [0]/5, lr: [1.000]x1e-4, loss: [0.0236]
iter: [360780]/3000000, epoch: [0]/5, lr: [1.000]x1e-4, loss: [0.0214]
iter: [360790]/3000000, epoch: [0]/5, lr: [1.000]x1e-4, loss: [0.0178]
iter: [360800]/3000000, epoch: [0]/5, lr: [1.000]x1e-4, loss: [0.0171]
iter: [360810]/3000000, epoch: [0]/5, lr: [1.000]x1e-4, loss: [0.0187]
iter: [360820]/3000000, epoch: [0]/5, lr: [1.000]x1e-4, loss: [0.0205]
iter: [360830]/3000000, epoch: [0]/5, lr: [1.000]x1e-4, loss: [0.0284]
iter: [360840]/3000000, epoch: [0]/5, lr: [1.000]x1e-4, loss: [0.0209]
iter: [360850]/3000000, epoch: [0]/5, lr: [1.000]x1e-4, loss: [0.0197]
iter: [360860]/3000000, epoch: [0]/5, lr: [1.000]x1e-4, loss: [0.0235]
iter: [360870]/3000000, epoch: [0]/5, lr: [1.000]x1e-4, loss: [0.0175]
iter: [360880]/3000000, epoch: [0]/5, lr: [1.000]x1e-4, loss: [0.0242]
iter: [360890]/3000000, epoch: [0]/5, lr: [1.000]x1e-4, loss: [0.0223]
iter: [360900]/3000000, epoch: [0]/5, lr: [1.000]x1e-4, loss: [0.0238]
iter: [360910]/3000000, epoch: [0]/5, lr: [1.000]x1e-4, loss: [0.0238]
iter: [360920]/3000000, epoch: [0]/5, lr: [1.000]x1e-4, loss: [0.0217]
iter: [360930]/3000000, epoch: [0]/5, lr: [1.000]x1e-4, loss: [0.0193]
iter: [360940]/3000000, epoch: [0]/5, lr: [1.000]x1e-4, loss: [0.0237]
iter: [360950]/3000000, epoch: [0]/5, lr: [1.000]x1e-4, loss: [0.0306]
iter: [360960]/3000000, epoch: [0]/5, lr: [1.000]x1e-4, loss: [0.0187]
iter: [360970]/3000000, epoch: [0]/5, lr: [1.000]x1e-4, loss: [0.0270]
iter: [360980]/3000000, epoch: [0]/5, lr: [1.000]x1e-4, loss: [0.0213]
iter: [360990]/3000000, epoch: [0]/5, lr: [1.000]x1e-4, loss: [0.0228]
iter: [361000]/3000000, epoch: [0]/5, lr: [1.000]x1e-4, loss: [0.0282]
iter: [361010]/3000000, epoch: [0]/5, lr: [1.000]x1e-4, loss: [0.0258]
iter: [361020]/3000000, epoch: [0]/5, lr: [1.000]x1e-4, loss: [0.0251]
iter: [361030]/3000000, epoch: [0]/5, lr: [1.000]x1e-4, loss: [0.0237]
iter: [361040]/3000000, epoch: [0]/5, lr: [1.000]x1e-4, loss: [0.0158]
iter: [361050]/3000000, epoch: [0]/5, lr: [1.000]x1e-4, loss: [0.0293]
iter: [361060]/3000000, epoch: [0]/5, lr: [1.000]x1e-4, loss: [0.0212]
iter: [361070]/3000000, epoch: [0]/5, lr: [1.000]x1e-4, loss: [0.0221]
iter: [361080]/3000000, epoch: [0]/5, lr: [1.000]x1e-4, loss: [0.0236]
iter: [361090]/3000000, epoch: [0]/5, lr: [1.000]x1e-4, loss: [0.0246]
iter: [361100]/3000000, epoch: [0]/5, lr: [1.000]x1e-4, loss: [0.0298]
iter: [361110]/3000000, epoch: [0]/5, lr: [1.000]x1e-4, loss: [0.0255]
iter: [361120]/3000000, epoch: [0]/5, lr: [1.000]x1e-4, loss: [0.0246]
iter: [361130]/3000000, epoch: [0]/5, lr: [1.000]x1e-4, loss: [0.0215]
iter: [361140]/3000000, epoch: [0]/5, lr: [1.000]x1e-4, loss: [0.0195]
iter: [361150]/3000000, epoch: [0]/5, lr: [1.000]x1e-4, loss: [0.0276]
iter: [361160]/3000000, epoch: [0]/5, lr: [1.000]x1e-4, loss: [0.0223]
iter: [361170]/3000000, epoch: [0]/5, lr: [1.000]x1e-4, loss: [0.0290]
iter: [361180]/3000000, epoch: [0]/5, lr: [1.000]x1e-4, loss: [0.0200]
iter: [361190]/3000000, epoch: [0]/5, lr: [1.000]x1e-4, loss: [0.0188]
iter: [361200]/3000000, epoch: [0]/5, lr: [1.000]x1e-4, loss: [0.0300]
iter: [361210]/3000000, epoch: [0]/5, lr: [1.000]x1e-4, loss: [0.0253]
iter: [361220]/3000000, epoch: [0]/5, lr: [1.000]x1e-4, loss: [0.0249]
iter: [361230]/3000000, epoch: [0]/5, lr: [1.000]x1e-4, loss: [0.0225]
iter: [361240]/3000000, epoch: [0]/5, lr: [1.000]x1e-4, loss: [0.0274]
iter: [361250]/3000000, epoch: [0]/5, lr: [1.000]x1e-4, loss: [0.0228]
iter: [361260]/3000000, epoch: [0]/5, lr: [1.000]x1e-4, loss: [0.0316]
iter: [361270]/3000000, epoch: [0]/5, lr: [1.000]x1e-4, loss: [0.0266]
iter: [361280]/3000000, epoch: [0]/5, lr: [1.000]x1e-4, loss: [0.0226]
iter: [361290]/3000000, epoch: [0]/5, lr: [1.000]x1e-4, loss: [0.0197]
iter: [361300]/3000000, epoch: [0]/5, lr: [1.000]x1e-4, loss: [0.0258]
iter: [361310]/3000000, epoch: [0]/5, lr: [1.000]x1e-4, loss: [0.0199]
iter: [361320]/3000000, epoch: [0]/5, lr: [1.000]x1e-4, loss: [0.0248]
iter: [361330]/3000000, epoch: [0]/5, lr: [1.000]x1e-4, loss: [0.0199]
iter: [361340]/3000000, epoch: [0]/5, lr: [1.000]x1e-4, loss: [0.0222]
iter: [361350]/3000000, epoch: [0]/5, lr: [1.000]x1e-4, loss: [0.0240]
iter: [361360]/3000000, epoch: [0]/5, lr: [1.000]x1e-4, loss: [0.0357]
iter: [361370]/3000000, epoch: [0]/5, lr: [1.000]x1e-4, loss: [0.0214]
iter: [361380]/3000000, epoch: [0]/5, lr: [1.000]x1e-4, loss: [0.0263]
iter: [361390]/3000000, epoch: [0]/5, lr: [1.000]x1e-4, loss: [0.0303]
iter: [361400]/3000000, epoch: [0]/5, lr: [1.000]x1e-4, loss: [0.0191]
iter: [361410]/3000000, epoch: [0]/5, lr: [1.000]x1e-4, loss: [0.0202]
iter: [361420]/3000000, epoch: [0]/5, lr: [1.000]x1e-4, loss: [0.0228]
iter: [361430]/3000000, epoch: [0]/5, lr: [1.000]x1e-4, loss: [0.0282]
iter: [361440]/3000000, epoch: [0]/5, lr: [1.000]x1e-4, loss: [0.0297]
iter: [361450]/3000000, epoch: [0]/5, lr: [1.000]x1e-4, loss: [0.0219]
iter: [361460]/3000000, epoch: [0]/5, lr: [1.000]x1e-4, loss: [0.0259]
iter: [361470]/3000000, epoch: [0]/5, lr: [1.000]x1e-4, loss: [0.0260]
iter: [361480]/3000000, epoch: [0]/5, lr: [1.000]x1e-4, loss: [0.0258]
iter: [361490]/3000000, epoch: [0]/5, lr: [1.000]x1e-4, loss: [0.0226]
iter: [361500]/3000000, epoch: [0]/5, lr: [1.000]x1e-4, loss: [0.0190]
iter: [361510]/3000000, epoch: [0]/5, lr: [1.000]x1e-4, loss: [0.0233]
iter: [361520]/3000000, epoch: [0]/5, lr: [1.000]x1e-4, loss: [0.0266]
iter: [361530]/3000000, epoch: [0]/5, lr: [1.000]x1e-4, loss: [0.0234]
iter: [361540]/3000000, epoch: [0]/5, lr: [1.000]x1e-4, loss: [0.0314]
iter: [361550]/3000000, epoch: [0]/5, lr: [1.000]x1e-4, loss: [0.0389]
iter: [361560]/3000000, epoch: [0]/5, lr: [1.000]x1e-4, loss: [0.0266]
iter: [361570]/3000000, epoch: [0]/5, lr: [1.000]x1e-4, loss: [0.0185]
iter: [361580]/3000000, epoch: [0]/5, lr: [1.000]x1e-4, loss: [0.0263]
iter: [361590]/3000000, epoch: [0]/5, lr: [1.000]x1e-4, loss: [0.0193]
iter: [361600]/3000000, epoch: [0]/5, lr: [1.000]x1e-4, loss: [0.0227]
iter: [361610]/3000000, epoch: [0]/5, lr: [1.000]x1e-4, loss: [0.0284]
iter: [361620]/3000000, epoch: [0]/5, lr: [1.000]x1e-4, loss: [0.0206]
iter: [361630]/3000000, epoch: [0]/5, lr: [1.000]x1e-4, loss: [0.0313]
iter: [361640]/3000000, epoch: [0]/5, lr: [1.000]x1e-4, loss: [0.0231]
iter: [361650]/3000000, epoch: [0]/5, lr: [1.000]x1e-4, loss: [0.0197]
iter: [361660]/3000000, epoch: [0]/5, lr: [1.000]x1e-4, loss: [0.0236]
iter: [361670]/3000000, epoch: [0]/5, lr: [1.000]x1e-4, loss: [0.0291]
iter: [361680]/3000000, epoch: [0]/5, lr: [1.000]x1e-4, loss: [0.0160]
iter: [361690]/3000000, epoch: [0]/5, lr: [1.000]x1e-4, loss: [0.0163]
iter: [361700]/3000000, epoch: [0]/5, lr: [1.000]x1e-4, loss: [0.0229]
iter: [361710]/3000000, epoch: [0]/5, lr: [1.000]x1e-4, loss: [0.0307]
iter: [361720]/3000000, epoch: [0]/5, lr: [1.000]x1e-4, loss: [0.0153]
iter: [361730]/3000000, epoch: [0]/5, lr: [1.000]x1e-4, loss: [0.0314]
iter: [361740]/3000000, epoch: [0]/5, lr: [1.000]x1e-4, loss: [0.0260]
iter: [361750]/3000000, epoch: [0]/5, lr: [1.000]x1e-4, loss: [0.0206]
iter: [361760]/3000000, epoch: [0]/5, lr: [1.000]x1e-4, loss: [0.0192]
iter: [361770]/3000000, epoch: [0]/5, lr: [1.000]x1e-4, loss: [0.0241]
iter: [361780]/3000000, epoch: [0]/5, lr: [1.000]x1e-4, loss: [0.0209]
iter: [361790]/3000000, epoch: [0]/5, lr: [1.000]x1e-4, loss: [0.0240]
iter: [361800]/3000000, epoch: [0]/5, lr: [1.000]x1e-4, loss: [0.0226]
iter: [361810]/3000000, epoch: [0]/5, lr: [1.000]x1e-4, loss: [0.0290]
iter: [361820]/3000000, epoch: [0]/5, lr: [1.000]x1e-4, loss: [0.0265]
iter: [361830]/3000000, epoch: [0]/5, lr: [1.000]x1e-4, loss: [0.0293]
iter: [361840]/3000000, epoch: [0]/5, lr: [1.000]x1e-4, loss: [0.0262]
iter: [361850]/3000000, epoch: [0]/5, lr: [1.000]x1e-4, loss: [0.0193]
iter: [361860]/3000000, epoch: [0]/5, lr: [1.000]x1e-4, loss: [0.0158]
iter: [361870]/3000000, epoch: [0]/5, lr: [1.000]x1e-4, loss: [0.0257]
iter: [361880]/3000000, epoch: [0]/5, lr: [1.000]x1e-4, loss: [0.0252]
iter: [361890]/3000000, epoch: [0]/5, lr: [1.000]x1e-4, loss: [0.0216]
iter: [361900]/3000000, epoch: [0]/5, lr: [1.000]x1e-4, loss: [0.0196]
iter: [361910]/3000000, epoch: [0]/5, lr: [1.000]x1e-4, loss: [0.0246]
iter: [361920]/3000000, epoch: [0]/5, lr: [1.000]x1e-4, loss: [0.0234]
iter: [361930]/3000000, epoch: [0]/5, lr: [1.000]x1e-4, loss: [0.0260]
iter: [361940]/3000000, epoch: [0]/5, lr: [1.000]x1e-4, loss: [0.0260]
iter: [361950]/3000000, epoch: [0]/5, lr: [1.000]x1e-4, loss: [0.0221]
iter: [361960]/3000000, epoch: [0]/5, lr: [1.000]x1e-4, loss: [0.0217]
iter: [361970]/3000000, epoch: [0]/5, lr: [1.000]x1e-4, loss: [0.0177]
iter: [361980]/3000000, epoch: [0]/5, lr: [1.000]x1e-4, loss: [0.0221]
iter: [361990]/3000000, epoch: [0]/5, lr: [1.000]x1e-4, loss: [0.0245]
iter: [362000]/3000000, epoch: [0]/5, lr: [1.000]x1e-4, loss: [0.0219]
iter: [362010]/3000000, epoch: [0]/5, lr: [1.000]x1e-4, loss: [0.0360]
iter: [362020]/3000000, epoch: [0]/5, lr: [1.000]x1e-4, loss: [0.0257]
iter: [362030]/3000000, epoch: [0]/5, lr: [1.000]x1e-4, loss: [0.0286]
iter: [362040]/3000000, epoch: [0]/5, lr: [1.000]x1e-4, loss: [0.0282]
iter: [362050]/3000000, epoch: [0]/5, lr: [1.000]x1e-4, loss: [0.0229]
iter: [362060]/3000000, epoch: [0]/5, lr: [1.000]x1e-4, loss: [0.0188]
iter: [362070]/3000000, epoch: [0]/5, lr: [1.000]x1e-4, loss: [0.0184]
iter: [362080]/3000000, epoch: [0]/5, lr: [1.000]x1e-4, loss: [0.0229]
iter: [362090]/3000000, epoch: [0]/5, lr: [1.000]x1e-4, loss: [0.0309]
iter: [362100]/3000000, epoch: [0]/5, lr: [1.000]x1e-4, loss: [0.0138]
iter: [362110]/3000000, epoch: [0]/5, lr: [1.000]x1e-4, loss: [0.0236]
iter: [362120]/3000000, epoch: [0]/5, lr: [1.000]x1e-4, loss: [0.0214]
iter: [362130]/3000000, epoch: [0]/5, lr: [1.000]x1e-4, loss: [0.0269]
iter: [362140]/3000000, epoch: [0]/5, lr: [1.000]x1e-4, loss: [0.0274]
iter: [362150]/3000000, epoch: [0]/5, lr: [1.000]x1e-4, loss: [0.0239]
iter: [362160]/3000000, epoch: [0]/5, lr: [1.000]x1e-4, loss: [0.0167]
iter: [362170]/3000000, epoch: [0]/5, lr: [1.000]x1e-4, loss: [0.0222]
iter: [362180]/3000000, epoch: [0]/5, lr: [1.000]x1e-4, loss: [0.0201]
iter: [362190]/3000000, epoch: [0]/5, lr: [1.000]x1e-4, loss: [0.0233]
iter: [362200]/3000000, epoch: [0]/5, lr: [1.000]x1e-4, loss: [0.0250]
iter: [362210]/3000000, epoch: [0]/5, lr: [1.000]x1e-4, loss: [0.0169]
iter: [362220]/3000000, epoch: [0]/5, lr: [1.000]x1e-4, loss: [0.0171]
iter: [362230]/3000000, epoch: [0]/5, lr: [1.000]x1e-4, loss: [0.0214]
iter: [362240]/3000000, epoch: [0]/5, lr: [1.000]x1e-4, loss: [0.0306]
iter: [362250]/3000000, epoch: [0]/5, lr: [1.000]x1e-4, loss: [0.0333]
iter: [362260]/3000000, epoch: [0]/5, lr: [1.000]x1e-4, loss: [0.0264]
iter: [362270]/3000000, epoch: [0]/5, lr: [1.000]x1e-4, loss: [0.0257]
iter: [362280]/3000000, epoch: [0]/5, lr: [1.000]x1e-4, loss: [0.0239]
iter: [362290]/3000000, epoch: [0]/5, lr: [1.000]x1e-4, loss: [0.0198]
iter: [362300]/3000000, epoch: [0]/5, lr: [1.000]x1e-4, loss: [0.0216]
iter: [362310]/3000000, epoch: [0]/5, lr: [1.000]x1e-4, loss: [0.0284]
iter: [362320]/3000000, epoch: [0]/5, lr: [1.000]x1e-4, loss: [0.0250]
iter: [362330]/3000000, epoch: [0]/5, lr: [1.000]x1e-4, loss: [0.0310]
iter: [362340]/3000000, epoch: [0]/5, lr: [1.000]x1e-4, loss: [0.0212]
iter: [362350]/3000000, epoch: [0]/5, lr: [1.000]x1e-4, loss: [0.0230]
iter: [362360]/3000000, epoch: [0]/5, lr: [1.000]x1e-4, loss: [0.0225]
iter: [362370]/3000000, epoch: [0]/5, lr: [1.000]x1e-4, loss: [0.0330]
iter: [362380]/3000000, epoch: [0]/5, lr: [1.000]x1e-4, loss: [0.0231]
iter: [362390]/3000000, epoch: [0]/5, lr: [1.000]x1e-4, loss: [0.0243]
iter: [362400]/3000000, epoch: [0]/5, lr: [1.000]x1e-4, loss: [0.0222]
iter: [362410]/3000000, epoch: [0]/5, lr: [1.000]x1e-4, loss: [0.0202]
iter: [362420]/3000000, epoch: [0]/5, lr: [1.000]x1e-4, loss: [0.0231]
iter: [362430]/3000000, epoch: [0]/5, lr: [1.000]x1e-4, loss: [0.0331]
iter: [362440]/3000000, epoch: [0]/5, lr: [1.000]x1e-4, loss: [0.0215]
iter: [362450]/3000000, epoch: [0]/5, lr: [1.000]x1e-4, loss: [0.0194]
iter: [362460]/3000000, epoch: [0]/5, lr: [1.000]x1e-4, loss: [0.0228]
iter: [362470]/3000000, epoch: [0]/5, lr: [1.000]x1e-4, loss: [0.0223]
iter: [362480]/3000000, epoch: [0]/5, lr: [1.000]x1e-4, loss: [0.0291]
iter: [362490]/3000000, epoch: [0]/5, lr: [1.000]x1e-4, loss: [0.0230]
iter: [362500]/3000000, epoch: [0]/5, lr: [1.000]x1e-4, loss: [0.0262]
iter: [362510]/3000000, epoch: [0]/5, lr: [1.000]x1e-4, loss: [0.0227]
iter: [362520]/3000000, epoch: [0]/5, lr: [1.000]x1e-4, loss: [0.0267]
iter: [362530]/3000000, epoch: [0]/5, lr: [1.000]x1e-4, loss: [0.0215]
iter: [362540]/3000000, epoch: [0]/5, lr: [1.000]x1e-4, loss: [0.0215]
iter: [362550]/3000000, epoch: [0]/5, lr: [1.000]x1e-4, loss: [0.0330]
iter: [362560]/3000000, epoch: [0]/5, lr: [1.000]x1e-4, loss: [0.0154]
iter: [362570]/3000000, epoch: [0]/5, lr: [1.000]x1e-4, loss: [0.0228]
iter: [362580]/3000000, epoch: [0]/5, lr: [1.000]x1e-4, loss: [0.0257]
iter: [362590]/3000000, epoch: [0]/5, lr: [1.000]x1e-4, loss: [0.0290]
iter: [362600]/3000000, epoch: [0]/5, lr: [1.000]x1e-4, loss: [0.0271]
iter: [362610]/3000000, epoch: [0]/5, lr: [1.000]x1e-4, loss: [0.0266]
iter: [362620]/3000000, epoch: [0]/5, lr: [1.000]x1e-4, loss: [0.0218]
iter: [362630]/3000000, epoch: [0]/5, lr: [1.000]x1e-4, loss: [0.0264]
iter: [362640]/3000000, epoch: [0]/5, lr: [1.000]x1e-4, loss: [0.0212]
iter: [362650]/3000000, epoch: [0]/5, lr: [1.000]x1e-4, loss: [0.0249]
iter: [362660]/3000000, epoch: [0]/5, lr: [1.000]x1e-4, loss: [0.0258]
iter: [362670]/3000000, epoch: [0]/5, lr: [1.000]x1e-4, loss: [0.0222]
iter: [362680]/3000000, epoch: [0]/5, lr: [1.000]x1e-4, loss: [0.0174]
iter: [362690]/3000000, epoch: [0]/5, lr: [1.000]x1e-4, loss: [0.0315]
iter: [362700]/3000000, epoch: [0]/5, lr: [1.000]x1e-4, loss: [0.0250]
iter: [362710]/3000000, epoch: [0]/5, lr: [1.000]x1e-4, loss: [0.0206]
iter: [362720]/3000000, epoch: [0]/5, lr: [1.000]x1e-4, loss: [0.0248]
iter: [362730]/3000000, epoch: [0]/5, lr: [1.000]x1e-4, loss: [0.0161]
iter: [362740]/3000000, epoch: [0]/5, lr: [1.000]x1e-4, loss: [0.0241]
iter: [362750]/3000000, epoch: [0]/5, lr: [1.000]x1e-4, loss: [0.0246]
iter: [362760]/3000000, epoch: [0]/5, lr: [1.000]x1e-4, loss: [0.0269]
iter: [362770]/3000000, epoch: [0]/5, lr: [1.000]x1e-4, loss: [0.0292]
iter: [362780]/3000000, epoch: [0]/5, lr: [1.000]x1e-4, loss: [0.0224]
iter: [362790]/3000000, epoch: [0]/5, lr: [1.000]x1e-4, loss: [0.0189]
iter: [362800]/3000000, epoch: [0]/5, lr: [1.000]x1e-4, loss: [0.0245]
iter: [362810]/3000000, epoch: [0]/5, lr: [1.000]x1e-4, loss: [0.0275]
iter: [362820]/3000000, epoch: [0]/5, lr: [1.000]x1e-4, loss: [0.0173]
iter: [362830]/3000000, epoch: [0]/5, lr: [1.000]x1e-4, loss: [0.0317]
iter: [362840]/3000000, epoch: [0]/5, lr: [1.000]x1e-4, loss: [0.0240]
iter: [362850]/3000000, epoch: [0]/5, lr: [1.000]x1e-4, loss: [0.0259]
iter: [362860]/3000000, epoch: [0]/5, lr: [1.000]x1e-4, loss: [0.0211]
iter: [362870]/3000000, epoch: [0]/5, lr: [1.000]x1e-4, loss: [0.0180]
iter: [362880]/3000000, epoch: [0]/5, lr: [1.000]x1e-4, loss: [0.0162]
iter: [362890]/3000000, epoch: [0]/5, lr: [1.000]x1e-4, loss: [0.0203]
iter: [362900]/3000000, epoch: [0]/5, lr: [1.000]x1e-4, loss: [0.0199]
